<?xml version="1.0" encoding="UTF-8"?>
<!-- Generated by org.testng.reporters.JUnitReportReporter -->
<testsuite hostname="amit" name="com.srivastava.keyworddrivenframework.CommandExecutor" tests="1" failures="0" timestamp="5 Jun 2016 08:53:32 GMT" time="14.622" errors="0">
  <testcase name="executeCommand" time="14.622" classname="com.srivastava.keyworddrivenframework.CommandExecutor"/>
</testsuite> <!-- com.srivastava.keyworddrivenframework.CommandExecutor -->
